iMPACT Version: 14.7

iMPACT log file Started on Mon Apr 15 09:44:44 2024

Welcome to iMPACT
iMPACT Version: 14.7
Project: /home/marcos/Desktop/directory/Projeto1//auto_project.ipf created.
// *** BATCH CMD : setMode -bs
GUI --- Auto connect to cable...
// *** BATCH CMD : setCable -port auto
AutoDetecting cable. Please wait.
*** WARNING ***: When port is set to auto detect mode, cable speed is set todefault 6 MHz regardless of explicit arguments supplied for setting the baudrates
PROGRESS_START - Starting Operation.
If you are using the Platform Cable USB, please refer to the USB CableInstallation Guide (UG344) to install the libusb package.
Connecting to cable (Usb Port - USB21).
Checking cable driver.
 Linux release = 6.5.0-27-generic.
WARNING:iMPACT -  Module windrvr6 is not loaded. Please reinstall the cable   drivers. See Answer Record 22648.
Cable connection failed.
INFO:Cse - The fxload application is not installed. This application is required   when using the Platform Cable USB. This warning should be ignored if you are   using the Parallel Cable III or Parallel Cable IV. Please download and   install the fxload-2002_04_11 package. Note that root access is required to   perform the installation.
Connecting to cable (Parallel Port - parport0).
 Linux release = 6.5.0-27-generic.
WARNING:iMPACT -  Module windrvr6 is not loaded. Please reinstall the cable   drivers. See Answer Record 22648.
Cable connection failed.
Connecting to cable (Parallel Port - parport1).
 Linux release = 6.5.0-27-generic.
WARNING:iMPACT -  Module windrvr6 is not loaded. Please reinstall the cable   drivers. See Answer Record 22648.
Cable connection failed.
Connecting to cable (Parallel Port - parport2).
 Linux release = 6.5.0-27-generic.
WARNING:iMPACT -  Module windrvr6 is not loaded. Please reinstall the cable   drivers. See Answer Record 22648.
Cable connection failed.
Connecting to cable (Parallel Port - parport3).
 Linux release = 6.5.0-27-generic.
WARNING:iMPACT -  Module windrvr6 is not loaded. Please reinstall the cable   drivers. See Answer Record 22648.
Cable connection failed.
PROGRESS_END - End Operation.
Elapsed time =      9 sec.
Cable autodetection failed.
WARNING:iMPACT:923 - Can not find cable, check cable setup !INFO:iMPACT - User_EnvOsname: 'Ubuntu'
INFO:iMPACT - User_EnvOsrelease: 'Ubuntu 22.04.4 LTS'
