--------------------------------------------------------------------------------
Release 14.7 Trace  (lin64)
Copyright (c) 1995-2013 Xilinx, Inc.  All rights reserved.

/opt/14.7/ISE_DS/ISE/bin/lin64/unwrapped/trce -intstyle ise -v 3 -s 2 -n 3
-fastpaths -xml AULA_1.twx AULA_1.ncd -o AULA_1.twr AULA_1.pcf

Design file:              AULA_1.ncd
Physical constraint file: AULA_1.pcf
Device,package,speed:     xc6slx16,csg324,C,-2 (PRODUCTION 1.23 2013-10-13)
Report level:             verbose report

Environment Variable      Effect 
--------------------      ------ 
NONE                      No environment variables were set
--------------------------------------------------------------------------------

INFO:Timing:2698 - No timing constraints found, doing default enumeration.
INFO:Timing:3412 - To improve timing, see the Timing Closure User Guide (UG612).
INFO:Timing:2752 - To get complete path coverage, use the unconstrained paths 
   option. All paths that are not constrained will be reported in the 
   unconstrained paths section(s) of the report.
INFO:Timing:3339 - The clock-to-out numbers in this timing report are based on 
   a 50 Ohm transmission line loading model.  For the details of this model, 
   and for more information on accounting for different loading conditions, 
   please see the device datasheet.



Data Sheet report:
-----------------
All values displayed in nanoseconds (ns)

Pad to Pad
---------------+---------------+---------+
Source Pad     |Destination Pad|  Delay  |
---------------+---------------+---------+
DIPSW<0>       |LEDS<0>        |    8.843|
DIPSW<0>       |LEDS<1>        |    8.941|
DIPSW<1>       |LEDS<0>        |    8.651|
DIPSW<1>       |LEDS<1>        |    8.749|
DIPSW<2>       |LEDS<2>        |   10.178|
DIPSW<3>       |LEDS<2>        |   13.941|
---------------+---------------+---------+


Analysis completed Mon Apr 15 09:39:56 2024 
--------------------------------------------------------------------------------

Trace Settings:
-------------------------
Trace Settings 

Peak Memory Usage: 375 MB



